<?xml version="1.0" encoding="UTF-8"?>
<testsuite xmlns:xsi="http://www.w3.org/2001/XMLSchema-instance" xsi:noNamespaceSchemaLocation="https://maven.apache.org/surefire/maven-surefire-plugin/xsd/surefire-test-report-3.0.xsd" version="3.0" name="UserSaverTests" time="3.789" tests="1" errors="0" skipped="0" failures="0">
  <properties>
[...]
</properties>
  <testcase name="test1" classname="UserSaverTests" time="0.158">
    <system-out><![CDATA[create table user (
idnum INT AUTO_INCREMENT PRIMARY KEY,
first_name varchar(35),
last_name varchar(35),
username varchar(35),
password varchar(35)
);
Connected!
Connected!
com.mysql.cj.jdbc.ClientPreparedStatement: INSERT INTO user (first_name, last_name, username, password) VALUES  ('Fernando', 'Gomez', 'Fgomez00', '1191108');
Connected!
com.mysql.cj.jdbc.ClientPreparedStatement: INSERT INTO user (first_name, last_name, username, password) VALUES  ('John', 'Doe', 'johndoe', 'password123');
Connected!
com.mysql.cj.jdbc.ClientPreparedStatement: INSERT INTO user (first_name, last_name, username, password) VALUES  ('Alice', 'Smith', 'alicesmith', 'qwerty');
Connected!
com.mysql.cj.jdbc.ClientPreparedStatement: INSERT INTO user (first_name, last_name, username, password) VALUES  ('Bob', 'Johnson', 'bobjohnson', 'letmein');
Connected!
com.mysql.cj.jdbc.ClientPreparedStatement: INSERT INTO user (first_name, last_name, username, password) VALUES  ('Eva', 'Jones', 'evajones', '123456');
Connected!
com.mysql.cj.jdbc.ClientPreparedStatement: INSERT INTO user (first_name, last_name, username, password) VALUES  ('David', 'Brown', 'davidbrown', 'secret');
Connected!
com.mysql.cj.jdbc.ClientPreparedStatement: INSERT INTO user (first_name, last_name, username, password) VALUES  ('Emily', 'White', 'emilywhite', 'admin123');
Connected!
com.mysql.cj.jdbc.ClientPreparedStatement: INSERT INTO user (first_name, last_name, username, password) VALUES  ('Frank', 'Miller', 'frankmiller', 'ilovecoding');
Connected!
com.mysql.cj.jdbc.ClientPreparedStatement: INSERT INTO user (first_name, last_name, username, password) VALUES  ('Grace', 'Moore', 'gracemoore', 'java123');
Connected!
com.mysql.cj.jdbc.ClientPreparedStatement: INSERT INTO user (first_name, last_name, username, password) VALUES  ('Henry', 'Clark', 'henryclark', 'mypassword');
Connected!
com.mysql.cj.jdbc.ClientPreparedStatement: INSERT INTO user (first_name, last_name, username, password) VALUES  ('Isabel', 'Baker', 'isabelbaker', 'secure123');
Connected!
com.mysql.cj.jdbc.ClientPreparedStatement: INSERT INTO user (first_name, last_name, username, password) VALUES  ('Jack', 'Taylor', 'jacktaylor', 'webdev');
Connected!
com.mysql.cj.jdbc.ClientPreparedStatement: INSERT INTO user (first_name, last_name, username, password) VALUES  ('Karen', 'Cooper', 'karenc', 'p@ssw0rd');
Connected!
com.mysql.cj.jdbc.ClientPreparedStatement: INSERT INTO user (first_name, last_name, username, password) VALUES  ('Leo', 'Adams', 'leoadams', 'apple123');
Connected!
com.mysql.cj.jdbc.ClientPreparedStatement: INSERT INTO user (first_name, last_name, username, password) VALUES  ('Mia', 'Carter', 'miacarter', 'codingisfun');
Connected!
com.mysql.cj.jdbc.ClientPreparedStatement: INSERT INTO user (first_name, last_name, username, password) VALUES  ('Nathan', 'Evans', 'nathanevans', 'hello123');
Connected!
com.mysql.cj.jdbc.ClientPreparedStatement: INSERT INTO user (first_name, last_name, username, password) VALUES  ('Olivia', 'Fisher', 'oliviafisher', 'webdesign');
Connected!
com.mysql.cj.jdbc.ClientPreparedStatement: INSERT INTO user (first_name, last_name, username, password) VALUES  ('Paul', 'Gray', 'paulgray', 'myp@ss');
Connected!
com.mysql.cj.jdbc.ClientPreparedStatement: INSERT INTO user (first_name, last_name, username, password) VALUES  ('Quinn', 'Harris', 'quinnharris', 'letsgo');
Connected!
com.mysql.cj.jdbc.ClientPreparedStatement: INSERT INTO user (first_name, last_name, username, password) VALUES  ('Ryan', 'Ingram', 'ryaningram', 'guitar123');
Connected!
com.mysql.cj.jdbc.ClientPreparedStatement: INSERT INTO user (first_name, last_name, username, password) VALUES  ('Samantha', 'Jordan', 'samanthaj', 'myp@ssword');
Connected!
com.mysql.cj.jdbc.ClientPreparedStatement: INSERT INTO user (first_name, last_name, username, password) VALUES  ('Tom', 'Keller', 'tomkeller', 'python123');
Connected!
com.mysql.cj.jdbc.ClientPreparedStatement: INSERT INTO user (first_name, last_name, username, password) VALUES  ('Ursula', 'Lopez', 'ursulalopez', 'codingrocks');
Connected!
com.mysql.cj.jdbc.ClientPreparedStatement: INSERT INTO user (first_name, last_name, username, password) VALUES  ('Vincent', 'Mills', 'vincentmills', 'java456');
Connected!
com.mysql.cj.jdbc.ClientPreparedStatement: INSERT INTO user (first_name, last_name, username, password) VALUES  ('Wendy', 'Nelson', 'wendynelson', 'letmein456');
Connected!
com.mysql.cj.jdbc.ClientPreparedStatement: select idnum,first_name,last_name,username,password from user where idnum =1
Connected!
com.mysql.cj.jdbc.ClientPreparedStatement: select idnum,first_name,last_name,username,password from user where idnum =2
Connected!
com.mysql.cj.jdbc.ClientPreparedStatement: select idnum,first_name,last_name,username,password from user where idnum =3
Connected!
com.mysql.cj.jdbc.ClientPreparedStatement: select idnum,first_name,last_name,username,password from user where idnum =4
Connected!
com.mysql.cj.jdbc.ClientPreparedStatement: select idnum,first_name,last_name,username,password from user where idnum =5
Connected!
com.mysql.cj.jdbc.ClientPreparedStatement: select idnum,first_name,last_name,username,password from user where idnum =6
Connected!
com.mysql.cj.jdbc.ClientPreparedStatement: select idnum,first_name,last_name,username,password from user where idnum =7
Connected!
com.mysql.cj.jdbc.ClientPreparedStatement: select idnum,first_name,last_name,username,password from user where idnum =8
Connected!
com.mysql.cj.jdbc.ClientPreparedStatement: select idnum,first_name,last_name,username,password from user where idnum =9
Connected!
com.mysql.cj.jdbc.ClientPreparedStatement: select idnum,first_name,last_name,username,password from user where idnum =10
Connected!
com.mysql.cj.jdbc.ClientPreparedStatement: select idnum,first_name,last_name,username,password from user where idnum =11
Connected!
com.mysql.cj.jdbc.ClientPreparedStatement: select idnum,first_name,last_name,username,password from user where idnum =12
Connected!
com.mysql.cj.jdbc.ClientPreparedStatement: select idnum,first_name,last_name,username,password from user where idnum =13
Connected!
com.mysql.cj.jdbc.ClientPreparedStatement: select idnum,first_name,last_name,username,password from user where idnum =14
Connected!
com.mysql.cj.jdbc.ClientPreparedStatement: select idnum,first_name,last_name,username,password from user where idnum =15
Connected!
com.mysql.cj.jdbc.ClientPreparedStatement: select idnum,first_name,last_name,username,password from user where idnum =16
Connected!
com.mysql.cj.jdbc.ClientPreparedStatement: select idnum,first_name,last_name,username,password from user where idnum =17
Connected!
com.mysql.cj.jdbc.ClientPreparedStatement: select idnum,first_name,last_name,username,password from user where idnum =18
Connected!
com.mysql.cj.jdbc.ClientPreparedStatement: select idnum,first_name,last_name,username,password from user where idnum =19
Connected!
com.mysql.cj.jdbc.ClientPreparedStatement: select idnum,first_name,last_name,username,password from user where idnum =20
Connected!
com.mysql.cj.jdbc.ClientPreparedStatement: select idnum,first_name,last_name,username,password from user where idnum =21
Connected!
com.mysql.cj.jdbc.ClientPreparedStatement: select idnum,first_name,last_name,username,password from user where idnum =22
Connected!
com.mysql.cj.jdbc.ClientPreparedStatement: select idnum,first_name,last_name,username,password from user where idnum =23
Connected!
com.mysql.cj.jdbc.ClientPreparedStatement: select idnum,first_name,last_name,username,password from user where idnum =24
Connected!
com.mysql.cj.jdbc.ClientPreparedStatement: select idnum,first_name,last_name,username,password from user where idnum =25
]]></system-out>
  </testcase>
</testsuite>